<?xml version="1.0" encoding="UTF-8"?>
<!-- Generated by org.testng.reporters.JUnitXMLReporter -->
<testsuite hostname="Lenovo-PC" ignored="0" name="DempTest" tests="3" failures="0" timestamp="26 Sep 2019 11:18:28 GMT" time="61.407" errors="0">
  <testcase name="browser" time="13.938" classname="Automation.Selenium.Demo"/>
  <testcase name="cart" time="27.758" classname="Automation.Selenium.Demo"/>
  <testcase name="sikuliMethod" time="19.573" classname="Automation.Selenium.Demo"/>
</testsuite> <!-- DempTest -->
