<?xml version="1.0" encoding="UTF-8"?>
<!-- Generated by org.testng.reporters.JUnitXMLReporter -->
<testsuite hostname="Lenovo-PC" ignored="0" name="OrderCreation" tests="3" failures="1" timestamp="26 Sep 2019 11:18:30 GMT" time="64.001" errors="0">
  <testcase name="browser" time="14.033" classname="Automation.Selenium.Flipkart"/>
  <testcase name="cart" time="38.61" classname="Automation.Selenium.Flipkart"/>
  <testcase name="sikuliMethod" time="7.144" classname="Automation.Selenium.Flipkart">
    <failure type="org.sikuli.script.FindFailed" message="can not find P(C:/Users/Ankush/Desktop/Selenium Data/doc/searchBox.PNG) S: 0.7 in S(0)[0,0 1366x768]">
      <![CDATA[FindFailed: can not find P(C:/Users/Ankush/Desktop/Selenium Data/doc/searchBox.PNG) S: 0.7 in S(0)[0,0 1366x768]
  Line 2189, in file Region.java

at org.sikuli.script.Region.handleFindFailedShowDialog(Region.java:2189)
at org.sikuli.script.Region.handleFindFailed(Region.java:2134)
at org.sikuli.script.Region.wait(Region.java:2546)
at org.sikuli.script.Region.find(Region.java:2205)
at org.sikuli.script.Region.getLocationFromTarget(Region.java:3067)
at org.sikuli.script.Region.click(Region.java:3534)
at org.sikuli.script.Region.click(Region.java:3519)
at Automation.Selenium.Flipkart.sikuliMethod(Flipkart.java:55)
at java.util.concurrent.FutureTask.run(Unknown Source)
at java.util.concurrent.ThreadPoolExecutor.runWorker(Unknown Source)
at java.util.concurrent.ThreadPoolExecutor$Worker.run(Unknown Source)
at java.lang.Thread.run(Unknown Source)
... Removed 16 stack frames]]>
    </failure>
  </testcase> <!-- sikuliMethod -->
</testsuite> <!-- OrderCreation -->
